<?xml version="1.0" encoding="utf-8"?><testsuites name="pytest tests"><testsuite name="pytest" errors="0" failures="0" skipped="0" tests="6" time="1.051" timestamp="2026-08-22T19:30:23.242293+00:00" hostname="agent-env-a1e93ade-4a64-435b-b8f9-0a57d170e99d"><testcase classname="tests.test_ai_match_email" name="test_invalid_email_format_returns_422" time="0.247" /><testcase classname="tests.test_ai_match_email" name="test_empty_email_returns_422" time="0.106" /><testcase classname="tests.test_ai_match_email" name="test_missing_report_keys_returns_422" time="0.154" /><testcase classname="tests.test_ai_match_email" name="test_invalid_fit_score_returns_422" time="0.186" /><testcase classname="tests.test_ai_match_email" name="test_empty_report_returns_422" time="0.134" /><testcase classname="tests.test_ai_match_email" name="test_missing_report_field_pydantic_422" time="0.112" /></testsuite></testsuites>