<?xml version="1.0" encoding="utf-8"?><testsuites name="pytest tests"><testsuite name="pytest" errors="0" failures="0" skipped="0" tests="12" time="1.406" timestamp="2026-08-22T11:17:09.507093+00:00" hostname="agent-env-a1e93ade-4a64-435b-b8f9-0a57d170e99d"><testcase classname="tests.test_new_features.TestGithubOAuth" name="test_status_not_configured" time="0.264" /><testcase classname="tests.test_new_features.TestGithubOAuth" name="test_start_returns_503_when_not_configured" time="0.047" /><testcase classname="tests.test_new_features.TestGithubOAuth" name="test_me_without_cookie_returns_401" time="0.142" /><testcase classname="tests.test_new_features.TestGithubOAuth" name="test_logout_ok" time="0.044" /><testcase classname="tests.test_new_features.TestSocialConnect" name="test_github_valid" time="0.045" /><testcase classname="tests.test_new_features.TestSocialConnect" name="test_linkedin_valid" time="0.045" /><testcase classname="tests.test_new_features.TestSocialConnect" name="test_mismatched_domain_rejected" time="0.046" /><testcase classname="tests.test_new_features.TestSocialConnect" name="test_unknown_provider_rejected" time="0.045" /><testcase classname="tests.test_new_features.TestAdminCsvExport" name="test_requires_auth" time="0.094" /><testcase classname="tests.test_new_features.TestAdminCsvExport" name="test_export_returns_csv" time="0.389" /><testcase classname="tests.test_new_features.TestAdminGithubProfiles" name="test_requires_auth" time="0.125" /><testcase classname="tests.test_new_features.TestAdminGithubProfiles" name="test_returns_list" time="0.057" /></testsuite></testsuites>