<?xml version="1.0" encoding="utf-8"?><testsuites name="pytest tests"><testsuite name="pytest" errors="0" failures="1" skipped="0" tests="17" time="2.415" timestamp="2026-08-22T19:18:43.432537+00:00" hostname="agent-env-a1e93ade-4a64-435b-b8f9-0a57d170e99d"><testcase classname="tests.test_regression" name="test_leads_create" time="0.171"><failure message="AssertionError: {&quot;detail&quot;:[{&quot;type&quot;:&quot;missing&quot;,&quot;loc&quot;:[&quot;body&quot;,&quot;role&quot;],&quot;msg&quot;:&quot;Field required&quot;,&quot;input&quot;:{&quot;name&quot;:&quot;TEST_Regress User&quot;,&quot;email&quot;:&quot;test_regress@ashtor.net&quot;,&quot;project&quot;:&quot;Regression project details &gt;20 chars&quot;},&quot;url&quot;:&quot;https://errors.pydantic.dev/2.13/v/missing&quot;},{&quot;type&quot;:&quot;missing&quot;,&quot;loc&quot;:[&quot;body&quot;,&quot;full_name&quot;],&quot;msg&quot;:&quot;Field required&quot;,&quot;input&quot;:{&quot;name&quot;:&quot;TEST_Regress User&quot;,&quot;email&quot;:&quot;test_regress@ashtor.net&quot;,&quot;project&quot;:&quot;Regression project details &gt;20 chars&quot;},&quot;url&quot;:&quot;https://errors.pydantic.dev/2.13/v/missing&quot;},{&quot;type&quot;:&quot;missing&quot;,&quot;loc&quot;:[&quot;body&quot;,&quot;skills_or_needs&quot;],&quot;msg&quot;:&quot;Field required&quot;,&quot;input&quot;:{&quot;name&quot;:&quot;TEST_Regress User&quot;,&quot;email&quot;:&quot;test_regress@ashtor.net&quot;,&quot;project&quot;:&quot;Regression project details &gt;20 chars&quot;},&quot;url&quot;:&quot;https://errors.pydantic.dev/2.13/v/missing&quot;},{&quot;type&quot;:&quot;missing&quot;,&quot;loc&quot;:[&quot;body&quot;,&quot;location&quot;],&quot;msg&quot;:&quot;Field required&quot;,&quot;input&quot;:{&quot;name&quot;:&quot;TEST_Regress User&quot;,&quot;email&quot;:&quot;test_regress@ashtor.net&quot;,&quot;project&quot;:&quot;Regression project details &gt;20 chars&quot;},&quot;url&quot;:&quot;https://errors.pydantic.dev/2.13/v/missing&quot;}]}&#10;assert 422 in (200, 201)&#10; +  where 422 = &lt;Response [422]&gt;.status_code">def test_leads_create():
        r = requests.post(f"{BASE_URL}/api/leads", json={
            "name": "TEST_Regress User",
            "email": "test_regress@ashtor.net",
            "project": "Regression project details &gt;20 chars"
        }, timeout=20)
&gt;       assert r.status_code in (200, 201), r.text
E       AssertionError: {"detail":[{"type":"missing","loc":["body","role"],"msg":"Field required","input":{"name":"TEST_Regress User","email":"test_regress@ashtor.net","project":"Regression project details &gt;20 chars"},"url":"https://errors.pydantic.dev/2.13/v/missing"},{"type":"missing","loc":["body","full_name"],"msg":"Field required","input":{"name":"TEST_Regress User","email":"test_regress@ashtor.net","project":"Regression project details &gt;20 chars"},"url":"https://errors.pydantic.dev/2.13/v/missing"},{"type":"missing","loc":["body","skills_or_needs"],"msg":"Field required","input":{"name":"TEST_Regress User","email":"test_regress@ashtor.net","project":"Regression project details &gt;20 chars"},"url":"https://errors.pydantic.dev/2.13/v/missing"},{"type":"missing","loc":["body","location"],"msg":"Field required","input":{"name":"TEST_Regress User","email":"test_regress@ashtor.net","project":"Regression project details &gt;20 chars"},"url":"https://errors.pydantic.dev/2.13/v/missing"}]}
E       assert 422 in (200, 201)
E        +  where 422 = &lt;Response [422]&gt;.status_code

backend/tests/test_regression.py:34: AssertionError</failure></testcase><testcase classname="tests.test_regression" name="test_stats_network" time="0.162" /><testcase classname="tests.test_regression" name="test_github_status_configured" time="0.099" /><testcase classname="tests.test_regression" name="test_linkedin_status_configured" time="0.106" /><testcase classname="tests.test_regression" name="test_github_start_302" time="0.108" /><testcase classname="tests.test_regression" name="test_linkedin_start_302" time="0.116" /><testcase classname="tests.test_regression" name="test_social_connect_linkedin_domain_mismatch" time="0.136" /><testcase classname="tests.test_regression" name="test_social_connect_github_domain_mismatch" time="0.103" /><testcase classname="tests.test_regression" name="test_social_connect_linkedin_ok" time="0.126" /><testcase classname="tests.test_regression" name="test_social_connect_github_ok" time="0.154" /><testcase classname="tests.test_regression" name="test_admin_leads_list" time="0.395" /><testcase classname="tests.test_regression" name="test_admin_social_connections" time="0.051" /><testcase classname="tests.test_regression" name="test_admin_linkedin_profiles" time="0.055" /><testcase classname="tests.test_regression" name="test_admin_github_profiles" time="0.051" /><testcase classname="tests.test_regression" name="test_admin_leads_patch_status_and_note" time="0.208" /><testcase classname="tests.test_regression" name="test_admin_leads_export_csv" time="0.050" /><testcase classname="tests.test_regression" name="test_admin_digest_send_once" time="0.228" /></testsuite></testsuites>